<?xml version="1.0" encoding="UTF-8"?>
<!-- Generated by org.testng.reporters.JUnitXMLReporter -->
<testsuite ignored="11" hostname="LAPTOP-8BDQGNTS" failures="0" tests="3" name="Create Portfolio Test" time="78.785" errors="0" timestamp="2024-05-31T22:37:11 SGT">
  <testcase classname="rediff.testcases.Session" name="doLogin" time="23.48"/>
  <testcase classname="rediff.testcases.PortfolioManagement" name="selectPortFolio" time="22.004"/>
  <testcase classname="rediff.testcases.StockManagement" name="addStock" time="32.15"/>
  <testcase classname="TestBase.basetest" name="@AfterTest quit" time="0.0">
    <ignored/>
  </testcase> <!-- @AfterTest quit -->
  <testcase classname="TestBase.basetest" name="@AfterTest quit" time="0.0">
    <ignored/>
  </testcase> <!-- @AfterTest quit -->
  <testcase classname="rediff.testcases.StockManagement" name="VerifyQuantity" time="0.0">
    <ignored/>
  </testcase> <!-- VerifyQuantity -->
  <testcase classname="rediff.testcases.StockManagement" name="VerifyTransactionHistory" time="0.0">
    <ignored/>
  </testcase> <!-- VerifyTransactionHistory -->
  <testcase classname="rediff.testcases.Session" name="doLogOut" time="0.0">
    <ignored/>
  </testcase> <!-- doLogOut -->
  <testcase classname="rediff.testcases.PortfolioManagement" name="createPortfolio" time="0.0">
    <ignored/>
  </testcase> <!-- createPortfolio -->
  <testcase classname="rediff.testcases.PortfolioManagement" name="deletePortfolio" time="0.0">
    <ignored/>
  </testcase> <!-- deletePortfolio -->
  <testcase classname="TestBase.basetest" name="@BeforeTest beforetest" time="0.0">
    <ignored/>
  </testcase> <!-- @BeforeTest beforetest -->
  <testcase classname="TestBase.basetest" name="@BeforeTest beforetest" time="0.0">
    <ignored/>
  </testcase> <!-- @BeforeTest beforetest -->
  <testcase classname="rediff.testcases.StockManagement" name="modifyStock" time="0.0">
    <ignored/>
  </testcase> <!-- modifyStock -->
  <testcase classname="rediff.testcases.StockManagement" name="VerifyStockInList" time="0.0">
    <ignored/>
  </testcase> <!-- VerifyStockInList -->
</testsuite> <!-- Create Portfolio Test -->
