<?xml version="1.0" encoding="UTF-8"?>
<!-- Generated by org.testng.reporters.JUnitXMLReporter -->
<testsuite ignored="4" hostname="LAPTOP-8BDQGNTS" failures="0" tests="2" name="Delete Portfolio Test" time="60.072" errors="0" timestamp="2024-05-27T22:03:40 SGT">
  <testcase classname="rediff.testcases.Session" name="doLogin" time="23.319"/>
  <testcase classname="rediff.testcases.PortfolioManagement" name="deletePortfolio" time="35.641"/>
  <testcase classname="TestBase.basetest" name="@AfterTest quit" time="0.0">
    <ignored/>
  </testcase> <!-- @AfterTest quit -->
  <testcase classname="rediff.testcases.Session" name="doLogOut" time="0.0">
    <ignored/>
  </testcase> <!-- doLogOut -->
  <testcase classname="rediff.testcases.PortfolioManagement" name="createPortfolio" time="0.0">
    <ignored/>
  </testcase> <!-- createPortfolio -->
  <testcase classname="TestBase.basetest" name="@BeforeTest beforetest" time="0.0">
    <ignored/>
  </testcase> <!-- @BeforeTest beforetest -->
</testsuite> <!-- Delete Portfolio Test -->
