<?xml version="1.0" encoding="UTF-8"?>
<!-- Generated by org.testng.reporters.JUnitXMLReporter -->
<testsuite ignored="0" hostname="LAPTOP-8BDQGNTS" failures="2" tests="2" name="TestA" time="0.687" errors="0" timestamp="2024-03-16T11:08:13 SGT">
  <testcase classname="SuiteA.TestA" name="testA" time="0.016">
    <failure type="java.lang.AssertionError" message="The following asserts failed:
	titles do not match,
	text do not match,
	expected [title1] but found [title],
	A Doesnt match B">
      <![CDATA[java.lang.AssertionError: The following asserts failed:
titles do not match,
text do not match,
expected [title1] but found [title],
A Doesnt match B
at testbase.testBase.FailAndStopTest(testBase.java:57)
at SuiteA.TestA.testA(TestA.java:26)
at java.base/java.util.ArrayList.forEach(ArrayList.java:1511)
... Removed 30 stack frames]]>
    </failure>
  </testcase> <!-- testA -->
  <testcase classname="SuiteA.TestA" name="testA" time="0.003">
    <failure type="java.lang.AssertionError" message="The following asserts failed:
	titles do not match,
	text do not match,
	expected [title1] but found [title],
	A Doesnt match B">
      <![CDATA[java.lang.AssertionError: The following asserts failed:
titles do not match,
text do not match,
expected [title1] but found [title],
A Doesnt match B
at testbase.testBase.FailAndStopTest(testBase.java:57)
at SuiteA.TestA.testA(TestA.java:26)
at java.base/java.util.ArrayList.forEach(ArrayList.java:1511)
... Removed 30 stack frames]]>
    </failure>
  </testcase> <!-- testA -->
</testsuite> <!-- TestA -->
