<?xml version="1.0" encoding="UTF-8"?>
<!-- Generated by org.testng.reporters.JUnitXMLReporter -->
<testsuite ignored="3" hostname="LAPTOP-8BDQGNTS" failures="2" tests="2" name="Modify Stock--Buy Existing Stock" time="0.009" errors="0" timestamp="2024-06-07T18:36:03 SGT">
  <testcase classname="TestBase.basetest" name="@AfterTest quit" time="0.001">
    <failure type="java.lang.NullPointerException" message="Cannot invoke &amp;quot;org.openqa.selenium.WebDriver.quit()&amp;quot; because &amp;quot;this.driver&amp;quot; is null">
      <![CDATA[java.lang.NullPointerException: Cannot invoke "org.openqa.selenium.WebDriver.quit()" because "this.driver" is null
at keywords.GenericKeywords.quit(GenericKeywords.java:235)
at TestBase.basetest.quit(basetest.java:68)
at Runner.MyTestNGRunner.run(MyTestNGRunner.java:79)
at Runner.JSONRunner.main(JSONRunner.java:85)
... Removed 21 stack frames]]>
    </failure>
  </testcase> <!-- @AfterTest quit -->
  <testcase classname="rediff.testcases.StockManagement" name="modifyStock" time="0.001">
    <failure type="java.lang.NullPointerException" message="Cannot invoke &amp;quot;org.openqa.selenium.TakesScreenshot.getScreenshotAs(org.openqa.selenium.OutputType)&amp;quot; because &amp;quot;this.driver&amp;quot; is null">
      <![CDATA[java.lang.NullPointerException: Cannot invoke "org.openqa.selenium.TakesScreenshot.getScreenshotAs(org.openqa.selenium.OutputType)" because "this.driver" is null
at keywords.GenericKeywords.takeScreenShot(GenericKeywords.java:269)
at keywords.GenericKeywords.reportFailure(GenericKeywords.java:246)
at keywords.GenericKeywords.GetElement(GenericKeywords.java:141)
at keywords.GenericKeywords.getRowWithCellData(GenericKeywords.java:284)
at keywords.ApplicationKeywords.findCurrentStockQuantity(ApplicationKeywords.java:52)
at rediff.testcases.StockManagement.modifyStock(StockManagement.java:43)
at java.base/java.util.ArrayList.forEach(ArrayList.java:1511)
at Runner.MyTestNGRunner.run(MyTestNGRunner.java:79)
at Runner.JSONRunner.main(JSONRunner.java:85)
... Removed 24 stack frames]]>
    </failure>
  </testcase> <!-- modifyStock -->
  <testcase classname="rediff.testcases.StockManagement" name="verifyTransactionHistory" time="0.001">
    <failure type="java.lang.NullPointerException" message="Cannot invoke &amp;quot;org.openqa.selenium.TakesScreenshot.getScreenshotAs(org.openqa.selenium.OutputType)&amp;quot; because &amp;quot;this.driver&amp;quot; is null">
      <![CDATA[java.lang.NullPointerException: Cannot invoke "org.openqa.selenium.TakesScreenshot.getScreenshotAs(org.openqa.selenium.OutputType)" because "this.driver" is null
at keywords.GenericKeywords.takeScreenShot(GenericKeywords.java:269)
at keywords.GenericKeywords.reportFailure(GenericKeywords.java:246)
at keywords.GenericKeywords.GetElement(GenericKeywords.java:141)
at keywords.GenericKeywords.getRowWithCellData(GenericKeywords.java:284)
at keywords.ApplicationKeywords.goToTransactionHistory(ApplicationKeywords.java:70)
at rediff.testcases.StockManagement.verifyTransactionHistory(StockManagement.java:103)
at java.base/java.util.ArrayList.forEach(ArrayList.java:1511)
at Runner.MyTestNGRunner.run(MyTestNGRunner.java:79)
at Runner.JSONRunner.main(JSONRunner.java:85)
... Removed 24 stack frames]]>
    </failure>
  </testcase> <!-- verifyTransactionHistory -->
  <testcase classname="rediff.testcases.StockManagement" name="VerifyStockPresent" time="0.0">
    <ignored/>
  </testcase> <!-- VerifyStockPresent -->
  <testcase classname="rediff.testcases.StockManagement" name="addStock" time="0.0">
    <ignored/>
  </testcase> <!-- addStock -->
  <testcase classname="rediff.testcases.StockManagement" name="VerifyStockQuantity" time="0.0">
    <ignored/>
  </testcase> <!-- VerifyStockQuantity -->
</testsuite> <!-- Modify Stock-Buy Existing Stock -->
