<?xml version="1.0" encoding="UTF-8"?>
<!-- Generated by org.testng.reporters.JUnitXMLReporter -->
<testsuite ignored="8" hostname="LAPTOP-8BDQGNTS" failures="0" tests="6" name="Modify Stock Test-Buy Stock" time="67.627" errors="0" timestamp="2024-06-01T17:40:08 SGT">
  <testcase classname="rediff.testcases.Session" name="doLogin" time="22.804"/>
  <testcase classname="rediff.testcases.PortfolioManagement" name="selectPortFolio" time="22.067"/>
  <testcase classname="rediff.testcases.StockManagement" name="VerifyStockPresent" time="0.126"/>
  <testcase classname="rediff.testcases.StockManagement" name="modifyStock" time="21.376"/>
  <testcase classname="rediff.testcases.StockManagement" name="VerifyStockQuantity" time="0.099"/>
  <testcase classname="rediff.testcases.StockManagement" name="verifyTransactionHistory" time="0.729"/>
  <testcase classname="TestBase.basetest" name="@AfterTest quit" time="0.0">
    <ignored/>
  </testcase> <!-- @AfterTest quit -->
  <testcase classname="TestBase.basetest" name="@AfterTest quit" time="0.0">
    <ignored/>
  </testcase> <!-- @AfterTest quit -->
  <testcase classname="rediff.testcases.Session" name="doLogOut" time="0.0">
    <ignored/>
  </testcase> <!-- doLogOut -->
  <testcase classname="rediff.testcases.StockManagement" name="addStock" time="0.0">
    <ignored/>
  </testcase> <!-- addStock -->
  <testcase classname="rediff.testcases.PortfolioManagement" name="createPortfolio" time="0.0">
    <ignored/>
  </testcase> <!-- createPortfolio -->
  <testcase classname="rediff.testcases.PortfolioManagement" name="deletePortfolio" time="0.0">
    <ignored/>
  </testcase> <!-- deletePortfolio -->
  <testcase classname="TestBase.basetest" name="@BeforeTest beforetest" time="0.0">
    <ignored/>
  </testcase> <!-- @BeforeTest beforetest -->
  <testcase classname="TestBase.basetest" name="@BeforeTest beforetest" time="0.0">
    <ignored/>
  </testcase> <!-- @BeforeTest beforetest -->
</testsuite> <!-- Modify Stock Test-Buy Stock -->
